0 info it worked if it ends with ok
1 verbose cli [ 'C:\\Program Files\\nodejs\\node.exe',
1 verbose cli   'C:\\Program Files\\nodejs\\node_modules\\npm\\bin\\npm-cli.js',
1 verbose cli   'run',
1 verbose cli   'flow',
1 verbose cli   'status' ]
2 info using npm@3.10.8
3 info using node@v6.9.1
4 verbose run-script [ 'preflow', 'flow', 'postflow' ]
5 info lifecycle interactive-table@0.1.0~preflow: interactive-table@0.1.0
6 silly lifecycle interactive-table@0.1.0~preflow: no script for preflow, continuing
7 info lifecycle interactive-table@0.1.0~flow: interactive-table@0.1.0
8 verbose lifecycle interactive-table@0.1.0~flow: unsafe-perm in lifecycle true
9 verbose lifecycle interactive-table@0.1.0~flow: PATH: C:\Users\bartk\AppData\Roaming\nvm\v6.9.1\node_modules\npm\bin\node-gyp-bin;F:\Workspace\Finder\interactive-table\react-interactive-table\node_modules\.bin;C:\Users\bartk\bin;C:\Program Files (x86)\Git\mingw32\bin;C:\Program Files (x86)\Git\usr\local\bin;C:\Program Files (x86)\Git\usr\bin;C:\Program Files (x86)\Git\usr\bin;C:\Program Files (x86)\Git\mingw32\bin;C:\Program Files (x86)\Git\usr\bin;C:\Users\bartk\bin;C:\WINDOWS\system32;C:\WINDOWS;C:\WINDOWS\System32\Wbem;C:\WINDOWS\System32\WindowsPowerShell\v1.0;C:\Program Files\Git\cmd;C:\Program Files (x86)\Skype\Phone;C:\Program Files (x86)\Heroku\bin;C:\Program Files (x86)\git\cmd;C:\Program Files (x86)\Git\cmd;C:\Users\bartk\AppData\Roaming\nvm;C:\Program Files\nodejs;C:\Program Files (x86)\QuickTime\QTSystem;C:\Users\bartk\AppData\Roaming\npm;C:\Users\bartk\.npm-global;C:\Users\bartk\AppData\Roaming\nvm;C:\Program Files\nodejs;C:\Users\bartk\AppData\Local\Microsoft\WindowsApps;C:\Program Files (x86)\Git\usr\bin\vendor_perl;C:\Program Files (x86)\Git\usr\bin\core_perl
10 verbose lifecycle interactive-table@0.1.0~flow: CWD: F:\Workspace\Finder\interactive-table\react-interactive-table
11 silly lifecycle interactive-table@0.1.0~flow: Args: [ '/d /s /c', 'flow "status"' ]
12 silly lifecycle interactive-table@0.1.0~flow: Returned: code: 2  signal: null
13 info lifecycle interactive-table@0.1.0~flow: Failed to exec flow script
14 verbose stack Error: interactive-table@0.1.0 flow: `flow "status"`
14 verbose stack Exit status 2
14 verbose stack     at EventEmitter.<anonymous> (C:\Users\bartk\AppData\Roaming\nvm\v6.9.1\node_modules\npm\lib\utils\lifecycle.js:255:16)
14 verbose stack     at emitTwo (events.js:106:13)
14 verbose stack     at EventEmitter.emit (events.js:191:7)
14 verbose stack     at ChildProcess.<anonymous> (C:\Users\bartk\AppData\Roaming\nvm\v6.9.1\node_modules\npm\lib\utils\spawn.js:40:14)
14 verbose stack     at emitTwo (events.js:106:13)
14 verbose stack     at ChildProcess.emit (events.js:191:7)
14 verbose stack     at maybeClose (internal/child_process.js:877:16)
14 verbose stack     at Process.ChildProcess._handle.onexit (internal/child_process.js:226:5)
15 verbose pkgid interactive-table@0.1.0
16 verbose cwd F:\Workspace\Finder\interactive-table\react-interactive-table
17 error Windows_NT 10.0.14393
18 error argv "C:\\Program Files\\nodejs\\node.exe" "C:\\Program Files\\nodejs\\node_modules\\npm\\bin\\npm-cli.js" "run" "flow" "status"
19 error node v6.9.1
20 error npm  v3.10.8
21 error code ELIFECYCLE
22 error interactive-table@0.1.0 flow: `flow "status"`
22 error Exit status 2
23 error Failed at the interactive-table@0.1.0 flow script 'flow "status"'.
23 error Make sure you have the latest version of node.js and npm installed.
23 error If you do, this is most likely a problem with the interactive-table package,
23 error not with npm itself.
23 error Tell the author that this fails on your system:
23 error     flow "status"
23 error You can get information on how to open an issue for this project with:
23 error     npm bugs interactive-table
23 error Or if that isn't available, you can get their info via:
23 error     npm owner ls interactive-table
23 error There is likely additional logging output above.
24 verbose exit [ 1, true ]
